{"level":"info","ts":1734850729.6538599,"caller":"log/index.go:13","msg":"dial tcp: address amqp://guest:guest@localhost:5672/: too many colons in address","time":"2024-12-22-13-58-49"}
{"LEVEL":"INFO","TIME":"2024-12-22T14:05:35.027+0700","CALLER":"log/index.go:9","FUNC":"app/pkg/log.Logger","MESSAGE":"dial tcp: address amqp://guest:guest@localhost:5672/: too many colons in address"}
{"LEVEL":"INFO","TIME":"2024-12-22T14:07:19.395+0700","CALLER":"auth/register.go:53","FUNC":"app/cmd/core-service/delivery/http/auth.(*authHandle).Register","MESSAGE":"dial tcp: address amqp://guest:guest@localhost:5672/: too many colons in address"}
{"LEVEL":"ERROR","TIME":"2024-12-22T14:20:47.766+0700","CALLER":"auth/register.go:53","FUNC":"app/cmd/core-service/delivery/http/auth.(*authHandle).Register","MESSAGE":"save-info-register: dial tcp: address amqp://guest:guest@localhost:5672/: too many colons in address"}
{"LEVEL":"ERROR","TIME":"2024-12-22T14:25:01.698+0700","CALLER":"auth/register.go:53","FUNC":"app/cmd/core-service/delivery/http/auth.(*authHandle).Register","MESSAGE":"save-info-register: dial tcp: address amqp://guest:guest@localhost:5672/: too many colons in address"}
{"LEVEL":"ERROR","TIME":"2024-12-22T14:25:29.150+0700","CALLER":"auth/register.go:53","FUNC":"app/cmd/core-service/delivery/http/auth.(*authHandle).Register","MESSAGE":"save-info-register: dial tcp: address amqp://guest:guest@localhost:5672/: too many colons in address"}
{"LEVEL":"ERROR","TIME":"2024-12-22T14:25:59.246+0700","CALLER":"auth/register.go:53","FUNC":"app/cmd/core-service/delivery/http/auth.(*authHandle).Register","MESSAGE":"save-info-register: dial tcp: address amqp://guest:guest@localhost:5672/: too many colons in address"}
{"LEVEL":"ERROR","TIME":"2024-12-22T14:33:02.283+0700","CALLER":"smpt/send_email.go:25","FUNC":"app/pkg/smpt.SendEmail","MESSAGE":"send-email: wrong host name"}
{"LEVEL":"ERROR","TIME":"2024-12-22T14:33:57.689+0700","CALLER":"smpt/send_email.go:22","FUNC":"app/pkg/smpt.SendEmail","MESSAGE":"send-email: wrong host name"}
{"LEVEL":"ERROR","TIME":"2024-12-22T14:35:04.768+0700","CALLER":"auth/acceptCode.go:30","FUNC":"app/cmd/core-service/delivery/http/auth.(*authHandle).AcceptCopde","MESSAGE":"gen-token-accept-code: token is malformed: token contains an invalid number of segments"}
{"LEVEL":"ERROR","TIME":"2024-12-22T14:42:45.828+0700","CALLER":"auth/acceptCode.go:30","FUNC":"app/cmd/core-service/delivery/http/auth.(*authHandle).AcceptCopde","MESSAGE":"gen-token-accept-code: token is malformed: token contains an invalid number of segments"}
{"LEVEL":"ERROR","TIME":"2024-12-22T14:43:29.444+0700","CALLER":"auth/acceptCode.go:30","FUNC":"app/cmd/core-service/delivery/http/auth.(*authHandle).AcceptCopde","MESSAGE":"gen-token-accept-code: token is malformed: token contains an invalid number of segments"}
{"LEVEL":"ERROR","TIME":"2024-12-22T14:43:32.940+0700","CALLER":"auth/acceptCode.go:30","FUNC":"app/cmd/core-service/delivery/http/auth.(*authHandle).AcceptCopde","MESSAGE":"gen-token-accept-code: token is malformed: token contains an invalid number of segments"}
{"LEVEL":"ERROR","TIME":"2024-12-22T14:43:36.075+0700","CALLER":"auth/acceptCode.go:30","FUNC":"app/cmd/core-service/delivery/http/auth.(*authHandle).AcceptCopde","MESSAGE":"gen-token-accept-code: token is malformed: token contains an invalid number of segments"}
{"LEVEL":"ERROR","TIME":"2024-12-22T14:50:06.897+0700","CALLER":"auth/acceptCode.go:59","FUNC":"app/cmd/core-service/delivery/http/auth.(*authHandle).AcceptCopde","MESSAGE":"create-profile: ERROR: duplicate key value violates unique constraint \"uni_profiles_phone\" (SQLSTATE 23505)"}
{"LEVEL":"ERROR","TIME":"2024-12-22T15:56:17.226+0700","CALLER":"course/create_course.go:25","FUNC":"app/cmd/core-service/delivery/http/course.(*courseHandle).CreateCourse","MESSAGE":"get-payload: unexpected end of JSON input"}
{"LEVEL":"ERROR","TIME":"2024-12-22T15:58:39.457+0700","CALLER":"course/create_course.go:45","FUNC":"app/cmd/core-service/delivery/http/course.(*courseHandle).CreateCourse","MESSAGE":"dir-save: open cmd/core-service/file/thumnail_course/efc14dba-c042-11ef-8cc8-00155de7c888.jpg: no such file or directory"}
{"LEVEL":"ERROR","TIME":"2024-12-22T15:58:47.350+0700","CALLER":"course/create_course.go:45","FUNC":"app/cmd/core-service/delivery/http/course.(*courseHandle).CreateCourse","MESSAGE":"dir-save: open cmd/core-service/file/thumnail_course/f475bef9-c042-11ef-8cc8-00155de7c888.jpg: no such file or directory"}
{"LEVEL":"ERROR","TIME":"2024-12-22T19:04:45.867+0700","CALLER":"auth/refreshToken.go:19","FUNC":"app/cmd/core-service/delivery/http/auth.(*authHandle).RefreshToken","MESSAGE":"get-profile: record not found"}
{"LEVEL":"ERROR","TIME":"2024-12-22T19:04:48.355+0700","CALLER":"auth/refreshToken.go:19","FUNC":"app/cmd/core-service/delivery/http/auth.(*authHandle).RefreshToken","MESSAGE":"get-profile: record not found"}
{"LEVEL":"ERROR","TIME":"2024-12-22T19:43:04.047+0700","CALLER":"video_lession/detail.go:47","FUNC":"app/cmd/core-service/delivery/http/video_lession.(*videoLessionHandle).GetDetailVideoLession","MESSAGE":"video-lession-detail: record not found"}
{"LEVEL":"ERROR","TIME":"2024-12-23T13:56:47.780+0700","CALLER":"video_lession/detail.go:47","FUNC":"app/cmd/core-service/delivery/http/video_lession.(*videoLessionHandle).GetDetailVideoLession","MESSAGE":"video-lession-detail: record not found"}
{"LEVEL":"ERROR","TIME":"2024-12-23T14:00:48.633+0700","CALLER":"video/upload.go:48","FUNC":"app/cmd/upload-mp4-service/delivery/http/video.(*videoHandle).Upload","MESSAGE":"get-video-lession: record not found"}
{"LEVEL":"ERROR","TIME":"2024-12-23T14:44:41.475+0700","CALLER":"video/upload.go:24","FUNC":"app/cmd/upload-mp4-service/delivery/http/video.(*videoHandle).Upload","MESSAGE":"get-payload: unexpected end of JSON input"}
{"LEVEL":"ERROR","TIME":"2024-12-23T14:45:47.549+0700","CALLER":"video/upload.go:24","FUNC":"app/cmd/upload-mp4-service/delivery/http/video.(*videoHandle).Upload","MESSAGE":"get-payload: unexpected end of JSON input"}
{"LEVEL":"ERROR","TIME":"2024-12-23T15:20:59.172+0700","CALLER":"video/get_video.go:19","FUNC":"app/cmd/upload-mp4-service/delivery/http/video.(*videoHandle).GetVideo","MESSAGE":"get-video-mp4: stat video/14e1a348-c0fb-11ef-afe3-00155de7ceb4.mp4: no such file or directory"}
{"LEVEL":"ERROR","TIME":"2024-12-23T15:27:09.209+0700","CALLER":"video/get_video.go:19","FUNC":"app/cmd/upload-mp4-service/delivery/http/video.(*videoHandle).GetVideo","MESSAGE":"get-video-mp4: stat video/14e1a348-c0fb-11ef-afe3-00155de7ceb4.mp4: no such file or directory"}
{"LEVEL":"ERROR","TIME":"2024-12-23T15:27:09.887+0700","CALLER":"video/get_video.go:19","FUNC":"app/cmd/upload-mp4-service/delivery/http/video.(*videoHandle).GetVideo","MESSAGE":"get-video-mp4: stat video/14e1a348-c0fb-11ef-afe3-00155de7ceb4.mp4: no such file or directory"}
{"LEVEL":"ERROR","TIME":"2024-12-24T01:55:41.145+0700","CALLER":"file/file_hls.go:20","FUNC":"app/cmd/video-hls-service/delivery/http/file.(*fileHandle).FileHls","MESSAGE":"get-file-hls: stat video///: no such file or directory"}
{"LEVEL":"ERROR","TIME":"2024-12-24T01:55:42.247+0700","CALLER":"file/file_hls.go:20","FUNC":"app/cmd/video-hls-service/delivery/http/file.(*fileHandle).FileHls","MESSAGE":"get-file-hls: stat video///: no such file or directory"}
{"LEVEL":"ERROR","TIME":"2024-12-24T01:55:45.848+0700","CALLER":"file/file_hls.go:20","FUNC":"app/cmd/video-hls-service/delivery/http/file.(*fileHandle).FileHls","MESSAGE":"get-file-hls: stat video///: no such file or directory"}
{"LEVEL":"ERROR","TIME":"2024-12-24T01:55:46.953+0700","CALLER":"file/file_hls.go:20","FUNC":"app/cmd/video-hls-service/delivery/http/file.(*fileHandle).FileHls","MESSAGE":"get-file-hls: stat video///: no such file or directory"}
{"LEVEL":"ERROR","TIME":"2024-12-24T02:02:49.781+0700","CALLER":"video_lession/detail.go:47","FUNC":"app/cmd/core-service/delivery/http/video_lession.(*videoLessionHandle).GetDetailVideoLession","MESSAGE":"video-lession-detail: record not found"}
